[58]2023-02-20 09:44:55,999: 
>>>>> Main Config
[Dataset]
data_dir: data
dataset: chall/DIAL_MWP-Dataset/dataset
testsets: ['test10', 'test90', 'test_time']
add_kor_number: False
add_figure_number: True
use_ixc: True
use_iec: True
use_isc: True

[Evaluator]


[EarlyStop]
early_stop: 30
early_stop_measure: test10_accuracy
pos_improve: True

[Experiment]
num_epochs: 500
verbose: 0
print_step: 1
test_step: 3
test_from: 0
save_step: 50
model_name: TM_Generation_1step
seed: 0
gpu: 1

>>>>> model Config
[Model]
batch_size: 32
test_batch_size: 128
lr: 3e-05
reg: 0
beam_size: 1
decoder_lr: -1
bert_max_len: 384
decoder_num_layers: 3
decoder_num_heads: 8
demo: False
pretrained_path: monologg/koelectra-base-v3-discriminator
model_weight_path: None
lr_schedule: False
warmup_rate: 0.1
mp_enabled: True
accumulation_steps: 2
max_grad_norm: 5.0
swa_warmup: 4
decode_only_input_token: True
use_category: False
do_mask_imq: False
imq_mask_ratio: 0.1


[58]2023-02-20 09:44:56,000: 
Dataset: chall/DIAL_MWP-Dataset/dataset

[58]2023-02-20 09:45:04,025: train start ... !
[58]2023-02-20 09:48:23,160: 학습을 중단하셨습니다.
[58]2023-02-20 09:48:23,342: 
Total training time - 0:0:0(=0.0 sec)
